Using pre-set license
Built from '2020.2/staging' branch; Version is '2020.2.7f1 (c53830e277f1) revision 12924976'; Using compiler version '192528614'; Build Type 'Release'
OS: 'Windows 10 Home; OS build 18363.1440; Version 1909; 64bit' Language: 'en' Physical Memory: 8135 MB
BatchMode: 1, IsHumanControllingUs: 0, StartBugReporterOnCrash: 0, Is64bit: 1, IsPro: 0

 COMMAND LINE ARGUMENTS:
D:\2020.2.7f1\Editor\Unity.exe
-adb2
-batchMode
-noUpm
-name
AssetImportWorker0
-projectPath
C:/Users/Kornel/Desktop/HWK2/New folder/New folder (4)/FMP/FMP
-logFile
Logs/AssetImportWorker0.log
-srvPort
50844
Successfully changed project path to: C:/Users/Kornel/Desktop/HWK2/New folder/New folder (4)/FMP/FMP
C:/Users/Kornel/Desktop/HWK2/New folder/New folder (4)/FMP/FMP
Using Asset Import Pipeline V2.
Refreshing native plugins compatible for Editor in 63.24 ms, found 1 plugins.
Preloading 0 native plugins for Editor in 0.00 ms.
Initialize engine version: 2020.2.7f1 (c53830e277f1)
[Subsystems] Discovering subsystems at path D:/2020.2.7f1/Editor/Data/Resources/UnitySubsystems
[Subsystems] Discovering subsystems at path C:/Users/Kornel/Desktop/HWK2/New folder/New folder (4)/FMP/FMP/Assets
GfxDevice: creating device client; threaded=0
Direct3D:
    Version:  Direct3D 11.0 [level 11.0]
    Renderer: NVIDIA GeForce GTX 750 (ID=0x1381)
    Vendor:   
    VRAM:     2007 MB
    Driver:   27.21.14.6089
Initialize mono
Mono path[0] = 'D:/2020.2.7f1/Editor/Data/Managed'
Mono path[1] = 'D:/2020.2.7f1/Editor/Data/MonoBleedingEdge/lib/mono/unityjit'
Mono config path = 'D:/2020.2.7f1/Editor/Data/MonoBleedingEdge/etc'
Using monoOptions --debugger-agent=transport=dt_socket,embedding=1,server=y,suspend=n,address=127.0.0.1:56944
Begin MonoManager ReloadAssembly
Registering precompiled unity dll's ...
Register platform support module: D:/2020.2.7f1/Editor/Data/PlaybackEngines/WindowsStandaloneSupport/UnityEditor.WindowsStandalone.Extensions.dll
Registered in 0.001546 seconds.
Native extension for WindowsStandalone target not found
Refreshing native plugins compatible for Editor in 44.10 ms, found 1 plugins.
Preloading 0 native plugins for Editor in 0.00 ms.
Invoked RoslynAnalysisRunner static constructor.
RoslynAnalysisRunner will not be running.
RoslynAnalysisRunner has terminated.
Mono: successfully reloaded assembly
- Completed reload, in  1.360 seconds
Platform modules already initialized, skipping
Registering precompiled user dll's ...
Registered in 0.001469 seconds.
Begin MonoManager ReloadAssembly
Native extension for WindowsStandalone target not found
Refreshing native plugins compatible for Editor in 43.31 ms, found 1 plugins.
Preloading 0 native plugins for Editor in 0.00 ms.
Invoked RoslynAnalysisRunner static constructor.
RoslynAnalysisRunner will not be running.
RoslynAnalysisRunner has terminated.
Mono: successfully reloaded assembly
- Completed reload, in  1.179 seconds
Platform modules already initialized, skipping
========================================================================
Worker process is ready to serve import requests
Launched and connected shader compiler UnityShaderCompiler.exe after 0.07 seconds
Refreshing native plugins compatible for Editor in 0.38 ms, found 1 plugins.
Preloading 0 native plugins for Editor in 0.00 ms.
Unloading 1814 Unused Serialized files (Serialized files now loaded: 0)
System memory in use before: 85.0 MB.
System memory in use after: 84.9 MB.

Unloading 24 unused Assets to reduce memory usage. Loaded Objects now: 2257.
Total: 2.490500 ms (FindLiveObjects: 0.327200 ms CreateObjectMapping: 0.098700 ms MarkObjects: 1.888200 ms  DeleteObjects: 0.174500 ms)

========================================================================
Received Import Request.
  path: Assets/Scripts/Heart.png
  artifactKey: Guid(b364d7a7c9e529e45891319e81e502ec) Importer(815301076,1909f56bfc062723c751e8b465ee728b)
Start importing Assets/Scripts/Heart.png using Guid(b364d7a7c9e529e45891319e81e502ec) Importer(815301076,1909f56bfc062723c751e8b465ee728b)  -> (artifact id: '4803b1987e60b80b5366fb8be4836f70') in 1.151984 seconds
  Import took 1.175922 seconds .

========================================================================
Received Import Request.
  Time since last request: 0.000342 seconds.
  path: Assets/Scripts/TurretbulletPrefab.prefab
  artifactKey: Guid(306448be0d5ad704babd6aa1e868504d) Importer(815301076,1909f56bfc062723c751e8b465ee728b)
Start importing Assets/Scripts/TurretbulletPrefab.prefab using Guid(306448be0d5ad704babd6aa1e868504d) Importer(815301076,1909f56bfc062723c751e8b465ee728b)  -> (artifact id: '8a83ed63178a4661273b415e9ce15827') in 0.190014 seconds
  Import took 0.194146 seconds .

========================================================================
Received Import Request.
  Time since last request: 0.000391 seconds.
  path: Assets/Scripts/Health Bar Full.png
  artifactKey: Guid(26fbb601b5a3b3e4fb5b35e3df0d4522) Importer(815301076,1909f56bfc062723c751e8b465ee728b)
Start importing Assets/Scripts/Health Bar Full.png using Guid(26fbb601b5a3b3e4fb5b35e3df0d4522) Importer(815301076,1909f56bfc062723c751e8b465ee728b)  -> (artifact id: '820b3593df8f45b8db329cd4b34d79d2') in 0.041922 seconds
  Import took 0.105106 seconds .

========================================================================
Received Import Request.
  Time since last request: 35.923172 seconds.
  path: Assets/Scripts/NewBehaviourScript.cs
  artifactKey: Guid(825a49401b47b7a47834a87512a3cc1d) Importer(815301076,1909f56bfc062723c751e8b465ee728b)
Start importing Assets/Scripts/NewBehaviourScript.cs using Guid(825a49401b47b7a47834a87512a3cc1d) Importer(815301076,1909f56bfc062723c751e8b465ee728b)  -> (artifact id: '6b0a11a15b99cbcb76395e64593fcd17') in 0.068891 seconds
  Import took 0.089864 seconds .

========================================================================
Received Import Request.
  Time since last request: 0.519481 seconds.
  path: Assets/Scripts/RandomLevels.cs
  artifactKey: Guid(7dae63cee2b026f4c8816cb0a89806a7) Importer(815301076,1909f56bfc062723c751e8b465ee728b)
Start importing Assets/Scripts/RandomLevels.cs using Guid(7dae63cee2b026f4c8816cb0a89806a7) Importer(815301076,1909f56bfc062723c751e8b465ee728b)  -> (artifact id: 'ff98b59b22a334047b8b996e90c0508c') in 0.004324 seconds
  Import took 0.021295 seconds .

========================================================================
Received Prepare
Refreshing native plugins compatible for Editor in 2.70 ms, found 1 plugins.
Preloading 0 native plugins for Editor in 0.00 ms.
Unloading 11 Unused Serialized files (Serialized files now loaded: 0)
System memory in use before: 52.5 MB.
System memory in use after: 52.5 MB.

Unloading 10 unused Assets to reduce memory usage. Loaded Objects now: 2269.
Total: 2.810000 ms (FindLiveObjects: 0.247400 ms CreateObjectMapping: 0.082500 ms MarkObjects: 2.359600 ms  DeleteObjects: 0.119200 ms)

========================================================================
Received Import Request.
  Time since last request: 114.653872 seconds.
  path: Assets/Scripts/TurretHealth.cs
  artifactKey: Guid(a14e5703c04e81947aa5801eb58f8fc8) Importer(815301076,1909f56bfc062723c751e8b465ee728b)
Start importing Assets/Scripts/TurretHealth.cs using Guid(a14e5703c04e81947aa5801eb58f8fc8) Importer(815301076,1909f56bfc062723c751e8b465ee728b)  -> (artifact id: 'c18fb73a051be6c333f1e5c48f857ce0') in 0.009297 seconds
  Import took 0.014555 seconds .

========================================================================
Received Prepare
Registering precompiled user dll's ...
Registered in 0.001415 seconds.
Begin MonoManager ReloadAssembly
Native extension for WindowsStandalone target not found
Refreshing native plugins compatible for Editor in 0.40 ms, found 1 plugins.
Preloading 0 native plugins for Editor in 0.00 ms.
Invoked RoslynAnalysisRunner static constructor.
RoslynAnalysisRunner will not be running.
RoslynAnalysisRunner has terminated.
Mono: successfully reloaded assembly
- Completed reload, in  1.391 seconds
Platform modules already initialized, skipping
Refreshing native plugins compatible for Editor in 0.51 ms, found 1 plugins.
Preloading 0 native plugins for Editor in 0.00 ms.
Unloading 1810 Unused Serialized files (Serialized files now loaded: 0)
System memory in use before: 88.1 MB.
System memory in use after: 88.1 MB.

Unloading 12 unused Assets to reduce memory usage. Loaded Objects now: 2273.
Total: 2.712900 ms (FindLiveObjects: 0.282100 ms CreateObjectMapping: 0.167200 ms MarkObjects: 2.117300 ms  DeleteObjects: 0.144800 ms)

========================================================================
Received Prepare
Registering precompiled user dll's ...
Registered in 0.001419 seconds.
Begin MonoManager ReloadAssembly
Native extension for WindowsStandalone target not found
Refreshing native plugins compatible for Editor in 0.42 ms, found 1 plugins.
Preloading 0 native plugins for Editor in 0.00 ms.
Invoked RoslynAnalysisRunner static constructor.
RoslynAnalysisRunner will not be running.
RoslynAnalysisRunner has terminated.
Mono: successfully reloaded assembly
- Completed reload, in  1.718 seconds
Platform modules already initialized, skipping
Refreshing native plugins compatible for Editor in 0.50 ms, found 1 plugins.
Preloading 0 native plugins for Editor in 0.00 ms.
Unloading 1810 Unused Serialized files (Serialized files now loaded: 0)
System memory in use before: 88.1 MB.
System memory in use after: 88.1 MB.

Unloading 12 unused Assets to reduce memory usage. Loaded Objects now: 2277.
Total: 3.052800 ms (FindLiveObjects: 0.363400 ms CreateObjectMapping: 0.194200 ms MarkObjects: 2.361600 ms  DeleteObjects: 0.131600 ms)

========================================================================
Received Import Request.
  Time since last request: 366.143282 seconds.
  path: Assets/Scripts/Shooting.cs
  artifactKey: Guid(1fe242937e2706940b47e2a8e4068995) Importer(815301076,1909f56bfc062723c751e8b465ee728b)
Start importing Assets/Scripts/Shooting.cs using Guid(1fe242937e2706940b47e2a8e4068995) Importer(815301076,1909f56bfc062723c751e8b465ee728b)  -> (artifact id: '15938043fc184f323eca121175c9ea1b') in 0.009393 seconds
  Import took 0.014859 seconds .

========================================================================
Received Import Request.
  Time since last request: 0.000311 seconds.
  path: Assets/Scripts/TurretHealth.cs
  artifactKey: Guid(a14e5703c04e81947aa5801eb58f8fc8) Importer(815301076,1909f56bfc062723c751e8b465ee728b)
Start importing Assets/Scripts/TurretHealth.cs using Guid(a14e5703c04e81947aa5801eb58f8fc8) Importer(815301076,1909f56bfc062723c751e8b465ee728b)  -> (artifact id: 'f7a9fdc4608fd83dc7005fc6f2fd398a') in 0.011335 seconds
  Import took 0.016046 seconds .

========================================================================
Received Prepare
Registering precompiled user dll's ...
Registered in 0.001933 seconds.
Begin MonoManager ReloadAssembly
Native extension for WindowsStandalone target not found
Refreshing native plugins compatible for Editor in 0.40 ms, found 1 plugins.
Preloading 0 native plugins for Editor in 0.00 ms.
Invoked RoslynAnalysisRunner static constructor.
RoslynAnalysisRunner will not be running.
RoslynAnalysisRunner has terminated.
Mono: successfully reloaded assembly
- Completed reload, in  1.246 seconds
Platform modules already initialized, skipping
Refreshing native plugins compatible for Editor in 0.40 ms, found 1 plugins.
Preloading 0 native plugins for Editor in 0.00 ms.
Unloading 1810 Unused Serialized files (Serialized files now loaded: 0)
System memory in use before: 88.1 MB.
System memory in use after: 88.1 MB.

Unloading 12 unused Assets to reduce memory usage. Loaded Objects now: 2281.
Total: 2.378300 ms (FindLiveObjects: 0.212200 ms CreateObjectMapping: 0.083200 ms MarkObjects: 1.953600 ms  DeleteObjects: 0.128300 ms)

========================================================================
Received Import Request.
  Time since last request: 120.008745 seconds.
  path: Assets/Scripts/TurretHealth.cs
  artifactKey: Guid(a14e5703c04e81947aa5801eb58f8fc8) Importer(815301076,1909f56bfc062723c751e8b465ee728b)
Start importing Assets/Scripts/TurretHealth.cs using Guid(a14e5703c04e81947aa5801eb58f8fc8) Importer(815301076,1909f56bfc062723c751e8b465ee728b)  -> (artifact id: 'e3d5f9894152e74f24ba1efab21f95b1') in 0.015552 seconds
  Import took 0.020022 seconds .

========================================================================
Received Import Request.
  Time since last request: 12.074098 seconds.
  path: Assets/Scripts/Movement2.cs
  artifactKey: Guid(5ad4c115f9ad09c4c9f601ef12e70a5e) Importer(815301076,1909f56bfc062723c751e8b465ee728b)
Start importing Assets/Scripts/Movement2.cs using Guid(5ad4c115f9ad09c4c9f601ef12e70a5e) Importer(815301076,1909f56bfc062723c751e8b465ee728b)  -> (artifact id: '3491f5ea3d7cd41a49178a84fedb68b8') in 0.011096 seconds
  Import took 0.015140 seconds .

========================================================================
Received Import Request.
  Time since last request: 7.025454 seconds.
  path: Assets/Scripts/Movement.cs
  artifactKey: Guid(b82ed9f91b1a75e48b802b672143171a) Importer(815301076,1909f56bfc062723c751e8b465ee728b)
Start importing Assets/Scripts/Movement.cs using Guid(b82ed9f91b1a75e48b802b672143171a) Importer(815301076,1909f56bfc062723c751e8b465ee728b)  -> (artifact id: '984e8255e93612b048fc746ea2c385b1') in 0.004877 seconds
  Import took 0.010097 seconds .

========================================================================
Received Import Request.
  Time since last request: 0.000331 seconds.
  path: Assets/Scripts/Movement.cs
  artifactKey: Guid(b82ed9f91b1a75e48b802b672143171a) Importer(815301076,1909f56bfc062723c751e8b465ee728b)
Start importing Assets/Scripts/Movement.cs using Guid(b82ed9f91b1a75e48b802b672143171a) Importer(815301076,1909f56bfc062723c751e8b465ee728b)  -> (artifact id: '984e8255e93612b048fc746ea2c385b1') in 0.007492 seconds
  Import took 0.011845 seconds .

========================================================================
Received Import Request.
  Time since last request: 1.306487 seconds.
  path: Assets/Scripts/HealthBar.cs
  artifactKey: Guid(f390297567ed104488c212e37d76d32d) Importer(815301076,1909f56bfc062723c751e8b465ee728b)
Start importing Assets/Scripts/HealthBar.cs using Guid(f390297567ed104488c212e37d76d32d) Importer(815301076,1909f56bfc062723c751e8b465ee728b)  -> (artifact id: '1300ecbb96c8c450725461cec0f387dd') in 0.005921 seconds
  Import took 0.010026 seconds .

========================================================================
Received Import Request.
  Time since last request: 0.032917 seconds.
  path: Assets/Scripts/HealthBar.cs
  artifactKey: Guid(f390297567ed104488c212e37d76d32d) Importer(815301076,1909f56bfc062723c751e8b465ee728b)
Start importing Assets/Scripts/HealthBar.cs using Guid(f390297567ed104488c212e37d76d32d) Importer(815301076,1909f56bfc062723c751e8b465ee728b)  -> (artifact id: '1300ecbb96c8c450725461cec0f387dd') in 0.008842 seconds
  Import took 0.014269 seconds .

========================================================================
Received Prepare
Registering precompiled user dll's ...
Registered in 0.001339 seconds.
Begin MonoManager ReloadAssembly
Native extension for WindowsStandalone target not found
Refreshing native plugins compatible for Editor in 0.40 ms, found 1 plugins.
Preloading 0 native plugins for Editor in 0.00 ms.
Invoked RoslynAnalysisRunner static constructor.
RoslynAnalysisRunner will not be running.
RoslynAnalysisRunner has terminated.
Mono: successfully reloaded assembly
- Completed reload, in  0.974 seconds
Platform modules already initialized, skipping
Refreshing native plugins compatible for Editor in 0.41 ms, found 1 plugins.
Preloading 0 native plugins for Editor in 0.00 ms.
Unloading 1810 Unused Serialized files (Serialized files now loaded: 0)
System memory in use before: 88.1 MB.
System memory in use after: 88.1 MB.

Unloading 12 unused Assets to reduce memory usage. Loaded Objects now: 2285.
Total: 2.745800 ms (FindLiveObjects: 0.276000 ms CreateObjectMapping: 0.172200 ms MarkObjects: 2.157700 ms  DeleteObjects: 0.138900 ms)

========================================================================
Received Import Request.
  Time since last request: 323.333172 seconds.
  path: Assets/Scripts/HealthBar.cs
  artifactKey: Guid(f390297567ed104488c212e37d76d32d) Importer(815301076,1909f56bfc062723c751e8b465ee728b)
Start importing Assets/Scripts/HealthBar.cs using Guid(f390297567ed104488c212e37d76d32d) Importer(815301076,1909f56bfc062723c751e8b465ee728b)  -> (artifact id: 'b274ac269396d7bebfd51a06b98f7151') in 0.012374 seconds
  Import took 0.016168 seconds .

========================================================================
Received Import Request.
  Time since last request: 0.049087 seconds.
  path: Assets/Scripts/HealthBar.cs
  artifactKey: Guid(f390297567ed104488c212e37d76d32d) Importer(815301076,1909f56bfc062723c751e8b465ee728b)
Start importing Assets/Scripts/HealthBar.cs using Guid(f390297567ed104488c212e37d76d32d) Importer(815301076,1909f56bfc062723c751e8b465ee728b)  -> (artifact id: 'b274ac269396d7bebfd51a06b98f7151') in 0.007122 seconds
  Import took 0.011838 seconds .

========================================================================
Received Prepare
Registering precompiled user dll's ...
Registered in 0.001961 seconds.
Begin MonoManager ReloadAssembly
Native extension for WindowsStandalone target not found
Refreshing native plugins compatible for Editor in 0.44 ms, found 1 plugins.
Preloading 0 native plugins for Editor in 0.00 ms.
Invoked RoslynAnalysisRunner static constructor.
RoslynAnalysisRunner will not be running.
RoslynAnalysisRunner has terminated.
Mono: successfully reloaded assembly
- Completed reload, in  1.266 seconds
Platform modules already initialized, skipping
Refreshing native plugins compatible for Editor in 0.41 ms, found 1 plugins.
Preloading 0 native plugins for Editor in 0.00 ms.
Unloading 1810 Unused Serialized files (Serialized files now loaded: 0)
System memory in use before: 88.2 MB.
System memory in use after: 88.1 MB.

Unloading 12 unused Assets to reduce memory usage. Loaded Objects now: 2289.
Total: 2.726600 ms (FindLiveObjects: 0.276000 ms CreateObjectMapping: 0.162700 ms MarkObjects: 2.147500 ms  DeleteObjects: 0.139200 ms)

========================================================================
Received Prepare
Registering precompiled user dll's ...
Registered in 0.001705 seconds.
Begin MonoManager ReloadAssembly
Native extension for WindowsStandalone target not found
Refreshing native plugins compatible for Editor in 0.41 ms, found 1 plugins.
Preloading 0 native plugins for Editor in 0.00 ms.
Invoked RoslynAnalysisRunner static constructor.
RoslynAnalysisRunner will not be running.
RoslynAnalysisRunner has terminated.
Mono: successfully reloaded assembly
- Completed reload, in  1.292 seconds
Platform modules already initialized, skipping
Refreshing native plugins compatible for Editor in 0.41 ms, found 1 plugins.
Preloading 0 native plugins for Editor in 0.00 ms.
Unloading 1810 Unused Serialized files (Serialized files now loaded: 0)
System memory in use before: 88.2 MB.
System memory in use after: 88.2 MB.

Unloading 12 unused Assets to reduce memory usage. Loaded Objects now: 2293.
Total: 2.761600 ms (FindLiveObjects: 0.264600 ms CreateObjectMapping: 0.165900 ms MarkObjects: 2.171000 ms  DeleteObjects: 0.159200 ms)

========================================================================
Received Prepare
Registering precompiled user dll's ...
Registered in 0.001680 seconds.
Begin MonoManager ReloadAssembly
Native extension for WindowsStandalone target not found
Refreshing native plugins compatible for Editor in 0.45 ms, found 1 plugins.
Preloading 0 native plugins for Editor in 0.00 ms.
Invoked RoslynAnalysisRunner static constructor.
RoslynAnalysisRunner will not be running.
RoslynAnalysisRunner has terminated.
Mono: successfully reloaded assembly
- Completed reload, in  1.691 seconds
Platform modules already initialized, skipping
Refreshing native plugins compatible for Editor in 0.45 ms, found 1 plugins.
Preloading 0 native plugins for Editor in 0.00 ms.
Unloading 1810 Unused Serialized files (Serialized files now loaded: 0)
System memory in use before: 88.2 MB.
System memory in use after: 88.2 MB.

Unloading 12 unused Assets to reduce memory usage. Loaded Objects now: 2297.
Total: 2.589200 ms (FindLiveObjects: 0.268500 ms CreateObjectMapping: 0.164300 ms MarkObjects: 2.030700 ms  DeleteObjects: 0.124700 ms)

========================================================================
Received Prepare
Registering precompiled user dll's ...
Registered in 0.001761 seconds.
Begin MonoManager ReloadAssembly
Native extension for WindowsStandalone target not found
Refreshing native plugins compatible for Editor in 0.48 ms, found 1 plugins.
Preloading 0 native plugins for Editor in 0.00 ms.
Invoked RoslynAnalysisRunner static constructor.
RoslynAnalysisRunner will not be running.
RoslynAnalysisRunner has terminated.
Mono: successfully reloaded assembly
- Completed reload, in  1.855 seconds
Platform modules already initialized, skipping
Refreshing native plugins compatible for Editor in 0.59 ms, found 1 plugins.
Preloading 0 native plugins for Editor in 0.00 ms.
Unloading 1810 Unused Serialized files (Serialized files now loaded: 0)
System memory in use before: 88.2 MB.
System memory in use after: 88.2 MB.

Unloading 12 unused Assets to reduce memory usage. Loaded Objects now: 2301.
Total: 13.657700 ms (FindLiveObjects: 0.558700 ms CreateObjectMapping: 0.279800 ms MarkObjects: 12.668800 ms  DeleteObjects: 0.148400 ms)

========================================================================
Received Prepare
Registering precompiled user dll's ...
Registered in 0.001473 seconds.
Begin MonoManager ReloadAssembly
Native extension for WindowsStandalone target not found
Refreshing native plugins compatible for Editor in 0.48 ms, found 1 plugins.
Preloading 0 native plugins for Editor in 0.00 ms.
Invoked RoslynAnalysisRunner static constructor.
RoslynAnalysisRunner will not be running.
RoslynAnalysisRunner has terminated.
Mono: successfully reloaded assembly
- Completed reload, in  1.200 seconds
Platform modules already initialized, skipping
Refreshing native plugins compatible for Editor in 0.49 ms, found 1 plugins.
Preloading 0 native plugins for Editor in 0.00 ms.
Unloading 1810 Unused Serialized files (Serialized files now loaded: 0)
System memory in use before: 88.2 MB.
System memory in use after: 88.2 MB.

Unloading 12 unused Assets to reduce memory usage. Loaded Objects now: 2305.
Total: 5.537600 ms (FindLiveObjects: 0.360000 ms CreateObjectMapping: 0.247800 ms MarkObjects: 4.789800 ms  DeleteObjects: 0.137700 ms)

========================================================================
Received Prepare
Registering precompiled user dll's ...
Registered in 0.001695 seconds.
Begin MonoManager ReloadAssembly
Native extension for WindowsStandalone target not found
Refreshing native plugins compatible for Editor in 0.60 ms, found 1 plugins.
Preloading 0 native plugins for Editor in 0.00 ms.
Invoked RoslynAnalysisRunner static constructor.
RoslynAnalysisRunner will not be running.
RoslynAnalysisRunner has terminated.
Mono: successfully reloaded assembly
- Completed reload, in  1.615 seconds
Platform modules already initialized, skipping
Refreshing native plugins compatible for Editor in 0.42 ms, found 1 plugins.
Preloading 0 native plugins for Editor in 0.00 ms.
Unloading 1810 Unused Serialized files (Serialized files now loaded: 0)
System memory in use before: 88.2 MB.
System memory in use after: 88.2 MB.

Unloading 12 unused Assets to reduce memory usage. Loaded Objects now: 2309.
Total: 3.266100 ms (FindLiveObjects: 0.403500 ms CreateObjectMapping: 0.216500 ms MarkObjects: 2.496700 ms  DeleteObjects: 0.147600 ms)

========================================================================
Received Prepare
Registering precompiled user dll's ...
Registered in 0.001522 seconds.
Begin MonoManager ReloadAssembly
Native extension for WindowsStandalone target not found
Refreshing native plugins compatible for Editor in 0.75 ms, found 1 plugins.
Preloading 0 native plugins for Editor in 0.00 ms.
Invoked RoslynAnalysisRunner static constructor.
RoslynAnalysisRunner will not be running.
RoslynAnalysisRunner has terminated.
Mono: successfully reloaded assembly
- Completed reload, in  5.899 seconds
Platform modules already initialized, skipping
Refreshing native plugins compatible for Editor in 0.54 ms, found 1 plugins.
Preloading 0 native plugins for Editor in 0.00 ms.
Unloading 1810 Unused Serialized files (Serialized files now loaded: 0)
System memory in use before: 88.2 MB.
System memory in use after: 88.2 MB.

Unloading 12 unused Assets to reduce memory usage. Loaded Objects now: 2313.
Total: 5.763900 ms (FindLiveObjects: 0.626400 ms CreateObjectMapping: 0.175000 ms MarkObjects: 4.799800 ms  DeleteObjects: 0.160100 ms)

AssetImportWorkerClient::OnTransportError - code=2 error=End of file
